[2026-01-27 02:25:39] [INFO] [IP: ::1] Successful login for user: admin
[2026-01-27 02:33:11] [INFO] [IP: ::1] Successful login for user: admin
[2026-01-27 02:33:25] [INFO] [IP: ::1] Successful login for user: admin
[2026-01-27 02:38:42] [WARNING] [IP: ::1] Failed login attempt for username: admin
[2026-01-27 02:38:49] [INFO] [IP: ::1] Successful login for user: admin
[2026-01-27 02:39:05] [INFO] [IP: ::1] Successful login for user: admin
[2026-01-27 03:11:16] [INFO] [IP: ::1] Successful login for user: benjay
[2026-01-27 03:39:44] [INFO] [IP: ::1] Successful login for user: benjay
[2026-01-27 03:48:08] [INFO] [IP: ::1] Successful login for user: benjay
[2026-01-27 03:57:49] [WARNING] [IP: ::1] Failed login attempt for username: benjay
[2026-01-27 03:57:53] [INFO] [IP: ::1] Successful login for user: benjay
[2026-01-27 06:27:24] [WARNING] [IP: ::1] Failed login attempt for username: benjay
[2026-01-27 06:27:32] [INFO] [IP: ::1] Successful login for user: benjay
[2026-01-27 07:01:32] [INFO] [IP: ::1] Successful login for user: benjay
[2026-01-27 07:19:06] [WARNING] [IP: ::1] Failed login attempt for username: benjay
[2026-01-27 07:19:12] [INFO] [IP: ::1] Successful login for user: benjay
[2026-01-27 08:09:33] [INFO] [IP: ::1] Successful login for user: benjay11
[2026-01-27 09:18:04] [INFO] [IP: ::1] Successful login for user: benjay11
[2026-01-28 00:58:30] [INFO] [IP: ::1] Successful login for user: benjay11
[2026-01-28 05:57:17] [INFO] [IP: ::1] Successful login for user: benjay11
[2026-01-29 00:41:02] [INFO] [IP: ::1] Successful login for user: benjay11
[2026-01-29 05:44:28] [INFO] [IP: ::1] Successful login for user: benjay11
[2026-01-30 00:49:41] [INFO] [IP: ::1] Successful login for user: benjay11
[2026-01-30 06:18:41] [INFO] [IP: ::1] Successful login for user: benjay11
[2026-02-02 00:57:05] [WARNING] [IP: ::1] Failed login attempt for username: benjay11
[2026-02-02 00:57:12] [INFO] [IP: ::1] Successful login for user: benjay11
[2026-02-02 01:13:47] [INFO] [IP: ::1] Successful login for user: benjay11
[2026-02-02 01:38:57] [INFO] [IP: ::1] Successful login for user: benjay11
[2026-02-02 06:01:12] [INFO] [IP: ::1] Successful login for user: benjay11
[2026-02-02 08:30:25] [WARNING] [IP: ::1] Failed login attempt for username: benjay11
[2026-02-02 08:30:31] [WARNING] [IP: ::1] Failed login attempt for username: benjay11
[2026-02-02 08:30:36] [INFO] [IP: ::1] Successful login for user: benjay11
[2026-02-03 01:05:02] [INFO] [IP: ::1] Successful login for user: benjay11
[2026-02-03 02:20:07] [WARNING] [IP: ::1] Failed login attempt for username: benjay11
[2026-02-03 02:20:11] [INFO] [IP: ::1] Successful login for user: benjay11
[2026-02-03 02:20:50] [INFO] [IP: ::1] Successful login for user: benjay11
[2026-02-03 02:24:01] [INFO] [IP: 10.124.20.167] Successful login for user: benjay11
[2026-02-03 02:25:07] [INFO] [IP: 10.124.20.167] Successful login for user: benjay11
[2026-02-03 02:25:22] [INFO] [IP: 10.124.20.167] Successful login for user: benjay11
[2026-02-03 06:07:12] [INFO] [IP: ::1] Successful login for user: benjay11
[2026-02-04 00:58:08] [INFO] [IP: ::1] Successful login for user: benjay11
[2026-02-05 00:53:06] [WARNING] [IP: ::1] Failed login attempt for username: benjay11
[2026-02-05 00:53:17] [INFO] [IP: ::1] Successful login for user: benjay11
[2026-02-06 01:13:23] [INFO] [IP: ::1] Successful login for user: benjay11
[2026-02-09 00:52:12] [WARNING] [IP: ::1] Failed login attempt for username: benjay11
[2026-02-09 00:52:17] [INFO] [IP: ::1] Successful login for user: benjay11
[2026-02-09 02:06:34] [WARNING] [IP: ::1] Failed login attempt for username: <script>alert('XSS')</script>
[2026-02-09 06:02:59] [INFO] [IP: ::1] Successful login for user: benjay11
[2026-02-10 00:53:29] [WARNING] [IP: ::1] Failed login attempt for username: sa
[2026-02-10 00:53:32] [WARNING] [IP: ::1] Failed login attempt for username: sa
[2026-02-10 00:53:35] [WARNING] [IP: ::1] Failed login attempt for username: sa
[2026-02-10 00:53:38] [WARNING] [IP: ::1] Failed login attempt for username: sa
[2026-02-10 00:53:41] [WARNING] [IP: ::1] Failed login attempt for username: sa
[2026-02-10 00:53:53] [WARNING] [IP: ::1] Failed login attempt for username: asdas
[2026-02-10 00:53:56] [WARNING] [IP: ::1] Failed login attempt for username: asdas
[2026-02-10 00:53:58] [WARNING] [IP: ::1] Failed login attempt for username: asdas
[2026-02-10 00:54:00] [WARNING] [IP: ::1] Failed login attempt for username: asdas
[2026-02-10 00:54:02] [WARNING] [IP: ::1] Failed login attempt for username: asdas
[2026-02-10 00:54:14] [WARNING] [IP: ::1] Failed login attempt for username: sad
[2026-02-10 01:16:07] [WARNING] [IP: ::1] Failed login attempt for username: invalid_user
[2026-02-10 01:16:07] [WARNING] [IP: ::1] Failed login attempt for username: invalid_user
[2026-02-10 01:16:07] [WARNING] [IP: ::1] Failed login attempt for username: invalid_user
[2026-02-10 01:16:07] [WARNING] [IP: ::1] Failed login attempt for username: invalid_user
[2026-02-10 01:16:07] [WARNING] [IP: ::1] Failed login attempt for username: invalid_user
[2026-02-10 01:33:15] [WARNING] [IP: ::1] Failed login attempt for username: invalid_user
[2026-02-10 01:33:15] [WARNING] [IP: ::1] Failed login attempt for username: invalid_user
[2026-02-10 01:33:15] [WARNING] [IP: ::1] Failed login attempt for username: invalid_user
[2026-02-10 01:33:15] [WARNING] [IP: ::1] Failed login attempt for username: invalid_user
[2026-02-10 01:33:15] [WARNING] [IP: ::1] Failed login attempt for username: invalid_user
[2026-02-10 01:37:34] [WARNING] [IP: ::1] Failed login attempt for username: sad
[2026-02-10 01:45:46] [WARNING] [IP: ::1] Failed login attempt for username: benjay11
[2026-02-10 01:45:48] [WARNING] [IP: ::1] Failed login attempt for username: benjay11
[2026-02-10 01:45:49] [WARNING] [IP: ::1] Failed login attempt for username: benjay11
[2026-02-10 01:45:51] [WARNING] [IP: ::1] Failed login attempt for username: benjay11
[2026-02-10 01:45:52] [WARNING] [IP: ::1] Failed login attempt for username: benjay11
[2026-02-10 01:51:21] [WARNING] [IP: ::1] Failed login attempt for username: adas
[2026-02-10 01:51:23] [WARNING] [IP: ::1] Failed login attempt for username: adas
[2026-02-10 01:51:24] [WARNING] [IP: ::1] Failed login attempt for username: adas
[2026-02-10 01:51:25] [WARNING] [IP: ::1] Failed login attempt for username: adas
[2026-02-10 01:51:27] [WARNING] [IP: ::1] Failed login attempt for username: adas
[2026-02-10 01:52:00] [WARNING] [IP: ::1] Failed login attempt for username: adas
[2026-02-10 02:12:43] [WARNING] [IP: ::1] Failed login attempt for username: benjay11
[2026-02-10 02:12:47] [INFO] [IP: ::1] Successful login for user: benjay11
[2026-02-10 04:40:53] [INFO] [IP: ::1] Successful login for user: benjay11
[2026-02-10 04:43:06] [INFO] [IP: ::1] Successful login for user: benjay11
[2026-02-10 04:50:41] [INFO] [IP: ::1] Successful login for user: benjay11
[2026-02-10 06:33:59] [INFO] [IP: ::1] Successful login for user: benjay11
[2026-02-10 06:34:08] [INFO] [IP: ::1] Successful login for user: benjay11
[2026-02-10 09:27:41] [WARNING] [IP: ::1] Failed login attempt for username: benjay11
[2026-02-10 09:27:44] [WARNING] [IP: ::1] Failed login attempt for username: benjay11
[2026-02-10 09:27:46] [WARNING] [IP: ::1] Failed login attempt for username: benjay11
[2026-02-10 09:27:48] [WARNING] [IP: ::1] Failed login attempt for username: benjay11
[2026-02-10 09:27:50] [WARNING] [IP: ::1] Failed login attempt for username: benjay11
[2026-02-10 09:29:09] [WARNING] [IP: ::1] Failed login attempt for username: benjay11
[2026-02-10 09:30:09] [WARNING] [IP: ::1] Failed login attempt for username: benjay11
[2026-02-10 09:30:44] [WARNING] [IP: ::1] Failed login attempt for username: benjay11
[2026-02-11 01:05:28] [INFO] [IP: ::1] Successful login for user: benjay11
[2026-02-11 01:58:35] [WARNING] [IP: ::1] Password reset attempted for unregistered email: deped.bogocity08@gmail.com
[2026-02-11 02:00:14] [INFO] [IP: ::1] Successful login for user: benjay17
[2026-02-11 02:00:45] [INFO] [IP: ::1] Password reset requested for email: benjaysullera@gmail.com
[2026-02-11 02:01:25] [INFO] [IP: ::1] Password reset requested for email: benjaysullera@gmail.com
[2026-02-11 02:01:31] [INFO] [IP: ::1] Password reset requested for email: benjaysullera@gmail.com
[2026-02-11 02:06:00] [INFO] [IP: ::1] Password recovery PIN generated for email: benjaysullera@gmail.com
[2026-02-11 02:08:57] [INFO] [IP: ::1] Password recovery PIN generated for email: benjaysullera@gmail.com
[2026-02-11 02:10:16] [INFO] [IP: ::1] Password recovery PIN generated for email: benjaysullera@gmail.com
[2026-02-11 02:23:10] [INFO] [IP: ::1] Password recovery PIN generated for email: benjaysullera@gmail.com
[2026-02-11 02:28:18] [INFO] [IP: ::1] Password recovery PIN generated for email: benjaysullera@gmail.com
[2026-02-11 02:28:48] [WARNING] [IP: ::1] Invalid PIN entry for email: benjaysullera@gmail.com
[2026-02-11 02:33:16] [INFO] [IP: ::1] Password recovery PIN generated for email: benjaysullera@gmail.com
[2026-02-11 02:33:29] [WARNING] [IP: ::1] Invalid PIN entry for email: benjaysullera@gmail.com
[2026-02-11 02:33:41] [WARNING] [IP: ::1] Invalid PIN entry for email: benjaysullera@gmail.com
[2026-02-11 02:33:46] [WARNING] [IP: ::1] Invalid PIN entry for email: benjaysullera@gmail.com
[2026-02-11 02:36:32] [INFO] [IP: ::1] Password recovery PIN generated for email: benjaysullera@gmail.com
[2026-02-11 02:36:45] [INFO] [IP: ::1] PIN verified successfully for email: benjaysullera@gmail.com
[2026-02-11 02:38:02] [INFO] [IP: ::1] Password successfully reset for email: benjaysullera@gmail.com
[2026-02-11 02:38:52] [WARNING] [IP: ::1] Failed login attempt for username: benjay17
[2026-02-11 02:38:59] [INFO] [IP: ::1] Successful login for user: benjay17
[2026-02-11 02:39:20] [WARNING] [IP: ::1] Password reset attempted for unregistered email: deped.bogocity08@gmail.com
[2026-02-11 02:39:45] [INFO] [IP: ::1] Password recovery PIN generated for email: benjaysullera@gmail.com
[2026-02-11 02:40:03] [INFO] [IP: ::1] PIN verified successfully for email: benjaysullera@gmail.com
[2026-02-11 02:40:15] [INFO] [IP: ::1] Password successfully reset for email: benjaysullera@gmail.com
[2026-02-11 02:40:32] [INFO] [IP: ::1] Successful login for user: benjay17
[2026-02-11 02:47:07] [INFO] [IP: ::1] Password recovery PIN generated for email: benjaysullera@gmail.com
[2026-02-11 02:47:29] [INFO] [IP: ::1] PIN verified successfully for email: benjaysullera@gmail.com
[2026-02-11 07:00:23] [INFO] [IP: ::1] Successful login for user: benjay17
[2026-02-11 08:04:32] [INFO] [IP: ::1] Successful login for user: benjay17
[2026-02-11 08:41:33] [WARNING] [IP: 10.124.20.22] Failed login attempt for username: admin
[2026-02-11 08:44:37] [INFO] [IP: 10.124.20.22] Successful login for user: benjay17
[2026-02-11 08:55:52] [WARNING] [IP: 10.124.20.22] Failed login attempt for username: test
[2026-02-11 08:57:43] [WARNING] [IP: 10.124.20.22] Failed login attempt for username: test
[2026-02-11 08:57:46] [WARNING] [IP: 10.124.20.22] Failed login attempt for username: test
[2026-02-11 09:01:12] [INFO] [IP: 10.124.20.22] Password recovery PIN generated for email: benjay@gmail.com
[2026-02-11 09:12:11] [WARNING] [IP: 10.124.20.22] Failed login attempt for username: admin
[2026-02-11 09:12:31] [WARNING] [IP: 10.124.20.22] Failed login attempt for username: admin
[2026-02-11 09:12:54] [WARNING] [IP: 10.124.20.22] Failed login attempt for username: admin
[2026-02-11 09:30:36] [WARNING] [IP: ::1] Failed login attempt for username: <script>alert('XSS')</script>
[2026-02-12 01:29:52] [INFO] [IP: ::1] Successful login for user: benjay17
[2026-02-12 02:59:45] [WARNING] [IP: ::1] Failed login attempt for username: benjay11
[2026-02-12 02:59:53] [INFO] [IP: ::1] Successful login for user: benjay11
[2026-02-12 03:08:51] [WARNING] [IP: ::1] Failed login attempt for username: benjay11
[2026-02-12 03:08:56] [INFO] [IP: ::1] Successful login for user: benjay11
[2026-02-12 03:10:28] [INFO] [IP: 10.124.20.22] Successful login for user: benjay11
[2026-02-12 04:15:15] [INFO] [IP: ::1] Successful login for user: benjay11
[2026-02-13 01:30:37] [WARNING] [IP: ::1] Failed login attempt for username: benjay11
[2026-02-13 01:30:42] [INFO] [IP: ::1] Successful login for user: benjay11
[2026-02-16 00:56:31] [INFO] [IP: ::1] Successful login for user: benjay17
[2026-02-16 02:24:51] [WARNING] [IP: ::1] Password reset attempted for unregistered email: asacas@gmail.com
[2026-02-18 01:28:22] [INFO] [IP: ::1] Successful login for user: benjay11
[2026-02-18 06:03:22] [INFO] [IP: ::1] Successful login for user: benjay11
[2026-02-19 01:54:52] [INFO] [IP: ::1] Successful login for user: benjay11
[2026-02-19 09:00:15] [INFO] [IP: 10.124.20.183] Successful login for user: benjay11
[2026-02-20 01:30:40] [INFO] [IP: ::1] Successful login for user: benjay11
[2026-02-20 04:35:13] [WARNING] [IP: ::1] Failed login attempt for username: benjay11
[2026-02-20 04:35:18] [INFO] [IP: ::1] Successful login for user: benjay11
[2026-02-23 00:50:41] [INFO] [IP: ::1] Successful login for user: benjay11
[2026-02-24 01:17:55] [WARNING] [IP: ::1] Failed login attempt for username: benjay11
[2026-02-24 01:17:59] [INFO] [IP: ::1] Successful login for user: benjay11
[2026-02-25 01:14:58] [INFO] [IP: ::1] Successful login for user: benjay11
[2026-02-25 02:52:03] [INFO] [IP: ::1] Successful login for user: benjay11
[2026-02-25 06:40:11] [INFO] [IP: ::1] Successful login for user: benjay11
